<component name="libraryTable">
  <library name="junit-jupiter-5.8.1">
    <CLASSES>
      <root url="jar://$PROJECT_DIR$/../junit-jupiter-5.8.1.jar!/" />
      <root url="jar://$PROJECT_DIR$/../junit-4.13.1.jar!/" />
      <root url="jar://$PROJECT_DIR$/../hamcrest-core-1.3.jar!/" />
    </CLASSES>
    <JAVADOC />
    <SOURCES />
  </library>
</component>